TN:
SF:src/auth/jwt.service.ts
FN:17,(anonymous_9)
FN:30,(anonymous_10)
FN:48,(anonymous_11)
FN:56,(anonymous_12)
FN:64,(anonymous_13)
FN:73,(anonymous_14)
FN:82,(anonymous_15)
FNF:7
FNH:6
FNDA:1,(anonymous_9)
FNDA:2,(anonymous_10)
FNDA:1,(anonymous_11)
FNDA:1,(anonymous_12)
FNDA:2,(anonymous_13)
FNDA:1,(anonymous_14)
FNDA:0,(anonymous_15)
DA:1,1
DA:2,1
DA:11,1
DA:19,1
DA:20,1
DA:22,1
DA:25,1
DA:31,2
DA:32,2
DA:34,2
DA:36,0
DA:38,1
DA:40,0
DA:42,1
DA:44,0
DA:49,1
DA:53,1
DA:57,1
DA:61,1
DA:65,2
DA:66,2
DA:67,1
DA:69,1
DA:74,1
DA:75,1
DA:76,1
DA:78,0
DA:86,0
DA:91,0
LF:29
LH:23
BRDA:19,0,0,1
BRDA:19,0,1,1
BRDA:20,1,0,1
BRDA:20,1,1,0
BRDA:22,2,0,1
BRDA:22,2,1,0
BRDA:25,3,0,1
BRDA:25,3,1,0
BRDA:34,4,0,0
BRDA:34,4,1,1
BRDA:34,4,2,0
BRDA:34,4,3,1
BRDA:34,4,4,0
BRF:13
BRH:7
end_of_record
TN:
SF:src/auth/rate-limiter.service.ts
FN:15,(anonymous_0)
FN:19,(anonymous_1)
FN:23,(anonymous_2)
FN:71,(anonymous_3)
FN:104,(anonymous_4)
FN:113,(anonymous_5)
FNF:6
FNH:5
FNDA:1,(anonymous_0)
FNDA:4,(anonymous_1)
FNDA:4,(anonymous_2)
FNDA:0,(anonymous_3)
FNDA:1,(anonymous_4)
FNDA:1,(anonymous_5)
DA:8,1
DA:10,1
DA:16,1
DA:20,4
DA:32,4
DA:33,4
DA:34,4
DA:37,4
DA:40,4
DA:43,4
DA:46,4
DA:49,4
DA:51,4
DA:52,4
DA:53,0
DA:57,4
DA:58,4
DA:61,4
DA:62,4
DA:64,4
DA:79,0
DA:80,0
DA:81,0
DA:84,0
DA:85,0
DA:86,0
DA:88,0
DA:89,0
DA:90,0
DA:93,0
DA:94,0
DA:95,0
DA:97,0
DA:105,1
DA:106,1
DA:114,1
DA:115,1
DA:117,1
DA:118,0
DA:121,1
LF:40
LH:25
BRDA:25,0,0,0
BRDA:26,1,0,0
BRDA:52,2,0,0
BRDA:73,3,0,0
BRDA:74,4,0,0
BRDA:89,5,0,0
BRDA:117,6,0,0
BRDA:117,7,0,1
BRDA:117,7,1,1
BRF:9
BRH:2
end_of_record
TN:
SF:src/auth/refresh-token.service.ts
FN:9,(anonymous_0)
FN:13,(anonymous_1)
FN:27,(anonymous_2)
FN:45,(anonymous_3)
FN:59,(anonymous_4)
FNF:5
FNH:2
FNDA:1,(anonymous_0)
FNDA:3,(anonymous_1)
FNDA:0,(anonymous_2)
FNDA:0,(anonymous_3)
FNDA:0,(anonymous_4)
DA:2,1
DA:4,1
DA:6,1
DA:7,1
DA:10,1
DA:14,3
DA:15,3
DA:18,3
DA:24,0
DA:28,0
DA:31,0
DA:32,0
DA:33,0
DA:37,0
DA:38,0
DA:39,0
DA:42,0
DA:46,0
DA:49,0
DA:56,0
DA:60,0
DA:61,0
DA:66,0
DA:67,0
DA:68,0
DA:69,0
DA:70,0
DA:71,0
DA:72,0
LF:29
LH:8
BRDA:32,0,0,0
BRDA:38,1,0,0
BRDA:38,2,0,0
BRDA:38,2,1,0
BRDA:69,3,0,0
BRF:5
BRH:0
end_of_record
TN:
SF:src/encryption/data-encryption.service.ts
FN:14,(anonymous_9)
FN:21,(anonymous_10)
FN:47,(anonymous_11)
FN:68,(anonymous_12)
FN:84,(anonymous_13)
FN:93,(anonymous_14)
FN:97,(anonymous_15)
FN:111,(anonymous_16)
FN:123,(anonymous_17)
FN:135,(anonymous_18)
FN:147,(anonymous_19)
FN:154,(anonymous_20)
FNF:12
FNH:12
FNDA:1,(anonymous_9)
FNDA:1,(anonymous_10)
FNDA:1,(anonymous_11)
FNDA:1,(anonymous_12)
FNDA:1,(anonymous_13)
FNDA:2,(anonymous_14)
FNDA:2,(anonymous_15)
FNDA:2,(anonymous_16)
FNDA:1,(anonymous_17)
FNDA:1,(anonymous_18)
FNDA:1,(anonymous_19)
FNDA:2,(anonymous_20)
DA:1,1
DA:2,1
DA:4,1
DA:5,1
DA:14,1
DA:15,1
DA:16,1
DA:17,1
DA:18,1
DA:22,1
DA:23,1
DA:31,1
DA:32,1
DA:34,1
DA:36,1
DA:38,1
DA:48,1
DA:49,0
DA:52,1
DA:60,1
DA:62,1
DA:64,1
DA:69,1
DA:70,1
DA:72,1
DA:74,1
DA:76,1
DA:85,1
DA:87,1
DA:89,1
DA:97,2
DA:98,2
DA:112,2
DA:113,0
DA:115,2
DA:124,1
DA:136,1
DA:148,1
DA:149,1
DA:150,1
DA:155,2
DA:156,2
DA:157,2
LF:43
LH:41
BRDA:48,0,0,0
BRDA:112,1,0,0
BRDA:112,1,1,2
BRF:3
BRH:1
end_of_record
TN:
SF:src/encryption/key-sharing.service.ts
FN:13,(anonymous_9)
FN:19,(anonymous_10)
FN:25,(anonymous_11)
FN:54,(anonymous_12)
FN:60,(anonymous_13)
FN:104,(anonymous_14)
FN:124,(anonymous_15)
FN:129,(anonymous_16)
FN:145,(anonymous_17)
FNF:9
FNH:9
FNDA:1,(anonymous_9)
FNDA:6,(anonymous_10)
FNDA:3,(anonymous_11)
FNDA:3,(anonymous_12)
FNDA:6,(anonymous_13)
FNDA:6,(anonymous_14)
FNDA:4,(anonymous_15)
FNDA:5,(anonymous_16)
FNDA:5,(anonymous_17)
DA:1,1
DA:2,1
DA:9,1
DA:11,1
DA:15,1
DA:20,6
DA:21,6
DA:26,3
DA:27,0
DA:31,3
DA:34,3
DA:35,3
DA:37,3
DA:40,3
DA:41,15
DA:42,15
DA:44,15
DA:50,3
DA:55,3
DA:56,1
DA:60,6
DA:66,2
DA:73,2
DA:75,6
DA:76,6
DA:77,18
DA:81,6
DA:82,18
DA:83,12
DA:84,12
DA:85,36
DA:86,36
DA:87,12
DA:95,2
DA:96,2
DA:97,0
DA:100,2
DA:105,6
DA:106,6
DA:107,6
DA:108,6
DA:110,6
DA:111,8
DA:112,8
DA:113,8
DA:116,6
DA:117,2
DA:120,6
DA:125,4
DA:130,5
DA:131,5
DA:132,5
DA:133,5
DA:135,5
DA:137,5
DA:139,5
DA:141,5
DA:146,5
DA:147,5
DA:148,5
DA:149,5
DA:151,5
DA:152,5
DA:153,5
DA:155,5
DA:157,5
LF:66
LH:64
BRDA:26,0,0,0
BRDA:55,1,0,1
BRDA:82,2,0,12
BRDA:86,3,0,12
BRDA:96,4,0,0
BRDA:116,5,0,2
BRF:6
BRH:4
end_of_record
TN:
SF:src/encryption/secure-transport.service.ts
FN:25,(anonymous_9)
FN:42,(anonymous_10)
FN:46,(anonymous_11)
FN:68,(anonymous_12)
FN:77,(anonymous_13)
FN:101,(anonymous_14)
FN:136,(anonymous_15)
FN:139,(anonymous_16)
FN:155,(anonymous_17)
FNF:9
FNH:4
FNDA:1,(anonymous_9)
FNDA:0,(anonymous_10)
FNDA:0,(anonymous_11)
FNDA:0,(anonymous_12)
FNDA:0,(anonymous_13)
FNDA:2,(anonymous_14)
FNDA:1,(anonymous_15)
FNDA:0,(anonymous_16)
FNDA:1,(anonymous_17)
DA:1,1
DA:2,1
DA:4,1
DA:5,1
DA:7,1
DA:8,1
DA:9,1
DA:11,1
DA:25,1
DA:26,1
DA:34,1
DA:43,0
DA:46,0
DA:72,0
DA:73,0
DA:78,0
DA:79,0
DA:82,0
DA:83,0
DA:97,0
DA:112,2
DA:113,2
DA:116,2
DA:117,0
DA:121,2
DA:127,2
DA:129,2
DA:137,1
DA:138,1
DA:139,1
DA:141,1
DA:147,1
DA:149,0
DA:150,0
DA:162,1
DA:163,1
DA:166,1
DA:167,1
DA:168,1
DA:169,1
DA:170,1
DA:172,1
DA:173,0
DA:176,1
LF:44
LH:31
BRDA:47,0,0,0
BRDA:47,0,1,0
BRDA:48,1,0,0
BRDA:48,1,1,0
BRDA:49,2,0,0
BRDA:49,2,1,0
BRDA:50,3,0,0
BRDA:50,3,1,0
BRDA:78,4,0,0
BRDA:78,5,0,0
BRDA:78,5,1,0
BRDA:116,6,0,0
BRDA:172,7,0,0
BRDA:172,8,0,1
BRDA:172,8,1,1
BRDA:172,8,2,1
BRDA:172,8,3,1
BRDA:181,9,0,0
BRDA:181,9,1,1
BRF:19
BRH:5
end_of_record
