{"/Users/rex/Documents/LiqPro/services/data-service/src/config.ts": {"path":"/Users/rex/Documents/LiqPro/services/data-service/src/config.ts","statementMap":{"0":{"start":{"line":1,"column":13},"end":{"line":40,"column":2}}},"fnMap":{},"branchMap":{"0":{"loc":{"start":{"line":3,"column":14},"end":{"line":3,"column":86}},"type":"binary-expr","locations":[{"start":{"line":3,"column":14},"end":{"line":3,"column":45}},{"start":{"line":3,"column":49},"end":{"line":3,"column":86}}]},"1":{"loc":{"start":{"line":6,"column":9},"end":{"line":6,"column":46}},"type":"binary-expr","locations":[{"start":{"line":6,"column":9},"end":{"line":6,"column":29}},{"start":{"line":6,"column":33},"end":{"line":6,"column":46}}]},"2":{"loc":{"start":{"line":7,"column":10},"end":{"line":7,"column":34}},"type":"binary-expr","locations":[{"start":{"line":7,"column":10},"end":{"line":7,"column":26}},{"start":{"line":7,"column":30},"end":{"line":7,"column":34}}]},"3":{"loc":{"start":{"line":8,"column":10},"end":{"line":8,"column":41}},"type":"binary-expr","locations":[{"start":{"line":8,"column":10},"end":{"line":8,"column":26}},{"start":{"line":8,"column":30},"end":{"line":8,"column":41}}]},"4":{"loc":{"start":{"line":9,"column":10},"end":{"line":9,"column":55}},"type":"binary-expr","locations":[{"start":{"line":9,"column":10},"end":{"line":9,"column":30}},{"start":{"line":9,"column":34},"end":{"line":9,"column":55}}]},"5":{"loc":{"start":{"line":10,"column":13},"end":{"line":10,"column":47}},"type":"binary-expr","locations":[{"start":{"line":10,"column":13},"end":{"line":10,"column":36}},{"start":{"line":10,"column":40},"end":{"line":10,"column":47}}]},"6":{"loc":{"start":{"line":13,"column":11},"end":{"line":13,"column":42}},"type":"binary-expr","locations":[{"start":{"line":13,"column":11},"end":{"line":13,"column":32}},{"start":{"line":13,"column":36},"end":{"line":13,"column":42}}]},"7":{"loc":{"start":{"line":16,"column":13},"end":{"line":16,"column":46}},"type":"binary-expr","locations":[{"start":{"line":16,"column":13},"end":{"line":16,"column":37}},{"start":{"line":16,"column":41},"end":{"line":16,"column":46}}]},"8":{"loc":{"start":{"line":17,"column":14},"end":{"line":17,"column":47}},"type":"binary-expr","locations":[{"start":{"line":17,"column":14},"end":{"line":17,"column":39}},{"start":{"line":17,"column":43},"end":{"line":17,"column":47}}]},"9":{"loc":{"start":{"line":20,"column":17},"end":{"line":20,"column":89}},"type":"binary-expr","locations":[{"start":{"line":20,"column":17},"end":{"line":20,"column":48}},{"start":{"line":20,"column":52},"end":{"line":20,"column":89}}]},"10":{"loc":{"start":{"line":21,"column":16},"end":{"line":21,"column":85}},"type":"binary-expr","locations":[{"start":{"line":21,"column":16},"end":{"line":21,"column":46}},{"start":{"line":21,"column":50},"end":{"line":21,"column":85}}]},"11":{"loc":{"start":{"line":26,"column":23},"end":{"line":26,"column":66}},"type":"binary-expr","locations":[{"start":{"line":26,"column":23},"end":{"line":26,"column":54}},{"start":{"line":26,"column":58},"end":{"line":26,"column":66}}]},"12":{"loc":{"start":{"line":27,"column":26},"end":{"line":27,"column":60}},"type":"binary-expr","locations":[{"start":{"line":27,"column":26},"end":{"line":27,"column":50}},{"start":{"line":27,"column":54},"end":{"line":27,"column":60}}]},"13":{"loc":{"start":{"line":30,"column":29},"end":{"line":30,"column":75}},"type":"binary-expr","locations":[{"start":{"line":30,"column":29},"end":{"line":30,"column":63}},{"start":{"line":30,"column":67},"end":{"line":30,"column":75}}]},"14":{"loc":{"start":{"line":31,"column":26},"end":{"line":31,"column":65}},"type":"binary-expr","locations":[{"start":{"line":31,"column":26},"end":{"line":31,"column":57}},{"start":{"line":31,"column":61},"end":{"line":31,"column":65}}]},"15":{"loc":{"start":{"line":32,"column":25},"end":{"line":32,"column":63}},"type":"binary-expr","locations":[{"start":{"line":32,"column":25},"end":{"line":32,"column":56}},{"start":{"line":32,"column":60},"end":{"line":32,"column":63}}]},"16":{"loc":{"start":{"line":33,"column":25},"end":{"line":33,"column":63}},"type":"binary-expr","locations":[{"start":{"line":33,"column":25},"end":{"line":33,"column":56}},{"start":{"line":33,"column":60},"end":{"line":33,"column":63}}]},"17":{"loc":{"start":{"line":34,"column":25},"end":{"line":34,"column":63}},"type":"binary-expr","locations":[{"start":{"line":34,"column":25},"end":{"line":34,"column":56}},{"start":{"line":34,"column":60},"end":{"line":34,"column":63}}]},"18":{"loc":{"start":{"line":37,"column":30},"end":{"line":37,"column":71}},"type":"binary-expr","locations":[{"start":{"line":37,"column":30},"end":{"line":37,"column":59}},{"start":{"line":37,"column":63},"end":{"line":37,"column":71}}]},"19":{"loc":{"start":{"line":38,"column":35},"end":{"line":38,"column":80}},"type":"binary-expr","locations":[{"start":{"line":38,"column":35},"end":{"line":38,"column":70}},{"start":{"line":38,"column":74},"end":{"line":38,"column":80}}]}},"s":{"0":1},"f":{},"b":{"0":[1,1],"1":[1,0],"2":[1,1],"3":[1,1],"4":[1,1],"5":[1,1],"6":[1,1],"7":[1,1],"8":[1,1],"9":[1,1],"10":[1,1],"11":[1,1],"12":[1,1],"13":[1,1],"14":[1,1],"15":[1,1],"16":[1,1],"17":[1,1],"18":[1,1],"19":[1,1]}}
,"/Users/rex/Documents/LiqPro/services/data-service/src/modules/collectors/meteora.ts": {"path":"/Users/rex/Documents/LiqPro/services/data-service/src/modules/collectors/meteora.ts","statementMap":{"0":{"start":{"line":1,"column":0},"end":{"line":1,"column":56}},"1":{"start":{"line":2,"column":0},"end":{"line":2,"column":54}},"2":{"start":{"line":3,"column":0},"end":{"line":3,"column":50}},"3":{"start":{"line":5,"column":15},"end":{"line":5,"column":61}},"4":{"start":{"line":14,"column":10},"end":{"line":14,"column":59}},"5":{"start":{"line":15,"column":10},"end":{"line":15,"column":58}},"6":{"start":{"line":16,"column":10},"end":{"line":16,"column":45}},"7":{"start":{"line":27,"column":4},"end":{"line":27,"column":62}},"8":{"start":{"line":28,"column":4},"end":{"line":28,"column":42}},"9":{"start":{"line":29,"column":4},"end":{"line":29,"column":54}},"10":{"start":{"line":39,"column":16},"end":{"line":39,"column":26}},"11":{"start":{"line":40,"column":23},"end":{"line":40,"column":64}},"12":{"start":{"line":43,"column":4},"end":{"line":68,"column":null}},"13":{"start":{"line":48,"column":6},"end":{"line":67,"column":null}},"14":{"start":{"line":49,"column":8},"end":{"line":49,"column":61}},"15":{"start":{"line":50,"column":25},"end":{"line":50,"column":80}},"16":{"start":{"line":53,"column":8},"end":{"line":53,"column":50}},"17":{"start":{"line":54,"column":8},"end":{"line":54,"column":50}},"18":{"start":{"line":56,"column":8},"end":{"line":56,"column":24}},"19":{"start":{"line":58,"column":8},"end":{"line":58,"column":79}},"20":{"start":{"line":61,"column":8},"end":{"line":64,"column":null}},"21":{"start":{"line":62,"column":10},"end":{"line":62,"column":66}},"22":{"start":{"line":63,"column":10},"end":{"line":63,"column":50}},"23":{"start":{"line":66,"column":8},"end":{"line":66,"column":20}},"24":{"start":{"line":71,"column":4},"end":{"line":71,"column":44}},"25":{"start":{"line":81,"column":4},"end":{"line":89,"column":null}},"26":{"start":{"line":82,"column":6},"end":{"line":82,"column":71}},"27":{"start":{"line":83,"column":20},"end":{"line":83,"column":93}},"28":{"start":{"line":85,"column":6},"end":{"line":85,"column":48}},"29":{"start":{"line":85,"column":31},"end":{"line":85,"column":46}},"30":{"start":{"line":87,"column":6},"end":{"line":87,"column":89}},"31":{"start":{"line":88,"column":6},"end":{"line":88,"column":18}},"32":{"start":{"line":98,"column":4},"end":{"line":120,"column":null}},"33":{"start":{"line":99,"column":23},"end":{"line":99,"column":58}},"34":{"start":{"line":100,"column":24},"end":{"line":100,"column":80}},"35":{"start":{"line":103,"column":36},"end":{"line":114,"column":8}},"36":{"start":{"line":104,"column":8},"end":{"line":113,"column":10}},"37":{"start":{"line":106,"column":42},"end":{"line":112,"column":12}},"38":{"start":{"line":116,"column":6},"end":{"line":116,"column":35}},"39":{"start":{"line":118,"column":6},"end":{"line":118,"column":90}},"40":{"start":{"line":119,"column":6},"end":{"line":119,"column":18}},"41":{"start":{"line":130,"column":20},"end":{"line":130,"column":36}},"42":{"start":{"line":131,"column":22},"end":{"line":131,"column":36}},"43":{"start":{"line":135,"column":4},"end":{"line":135,"column":63}},"44":{"start":{"line":148,"column":4},"end":{"line":189,"column":null}},"45":{"start":{"line":150,"column":30},"end":{"line":150,"column":71}},"46":{"start":{"line":153,"column":31},"end":{"line":153,"column":62}},"47":{"start":{"line":155,"column":6},"end":{"line":157,"column":null}},"48":{"start":{"line":156,"column":8},"end":{"line":156,"column":20}},"49":{"start":{"line":160,"column":32},"end":{"line":160,"column":74}},"50":{"start":{"line":161,"column":31},"end":{"line":161,"column":72}},"51":{"start":{"line":163,"column":30},"end":{"line":163,"column":66}},"52":{"start":{"line":164,"column":31},"end":{"line":164,"column":74}},"53":{"start":{"line":167,"column":6},"end":{"line":183,"column":null}},"54":{"start":{"line":168,"column":8},"end":{"line":173,"column":11}},"55":{"start":{"line":175,"column":8},"end":{"line":182,"column":10}},"56":{"start":{"line":185,"column":6},"end":{"line":185,"column":18}},"57":{"start":{"line":187,"column":6},"end":{"line":187,"column":84}},"58":{"start":{"line":188,"column":6},"end":{"line":188,"column":18}},"59":{"start":{"line":197,"column":4},"end":{"line":197,"column":37}},"60":{"start":{"line":198,"column":4},"end":{"line":198,"column":58}},"61":{"start":{"line":206,"column":4},"end":{"line":214,"column":null}},"62":{"start":{"line":207,"column":6},"end":{"line":207,"column":41}},"63":{"start":{"line":208,"column":6},"end":{"line":208,"column":46}},"64":{"start":{"line":209,"column":6},"end":{"line":209,"column":59}},"65":{"start":{"line":211,"column":6},"end":{"line":211,"column":29}},"66":{"start":{"line":212,"column":6},"end":{"line":212,"column":34}},"67":{"start":{"line":213,"column":6},"end":{"line":213,"column":44}},"68":{"start":{"line":11,"column":0},"end":{"line":11,"column":13}}},"fnMap":{"0":{"name":"(anonymous_0)","decl":{"start":{"line":23,"column":2},"end":{"line":23,"column":null}},"loc":{"start":{"line":25,"column":69},"end":{"line":30,"column":3}}},"1":{"name":"(anonymous_1)","decl":{"start":{"line":38,"column":2},"end":{"line":38,"column":7}},"loc":{"start":{"line":38,"column":70},"end":{"line":72,"column":3}}},"2":{"name":"(anonymous_2)","decl":{"start":{"line":80,"column":2},"end":{"line":80,"column":7}},"loc":{"start":{"line":80,"column":59},"end":{"line":90,"column":3}}},"3":{"name":"(anonymous_3)","decl":{"start":{"line":85,"column":23},"end":{"line":85,"column":27}},"loc":{"start":{"line":85,"column":31},"end":{"line":85,"column":46}}},"4":{"name":"(anonymous_4)","decl":{"start":{"line":97,"column":2},"end":{"line":97,"column":7}},"loc":{"start":{"line":97,"column":52},"end":{"line":121,"column":3}}},"5":{"name":"(anonymous_5)","decl":{"start":{"line":103,"column":50},"end":{"line":103,"column":58}},"loc":{"start":{"line":103,"column":61},"end":{"line":114,"column":7}}},"6":{"name":"(anonymous_6)","decl":{"start":{"line":106,"column":34},"end":{"line":106,"column":37}},"loc":{"start":{"line":106,"column":42},"end":{"line":112,"column":12}}},"7":{"name":"(anonymous_7)","decl":{"start":{"line":129,"column":10},"end":{"line":129,"column":27}},"loc":{"start":{"line":129,"column":68},"end":{"line":136,"column":3}}},"8":{"name":"(anonymous_8)","decl":{"start":{"line":144,"column":2},"end":{"line":144,"column":7}},"loc":{"start":{"line":146,"column":36},"end":{"line":190,"column":3}}},"9":{"name":"(anonymous_9)","decl":{"start":{"line":196,"column":2},"end":{"line":196,"column":19}},"loc":{"start":{"line":196,"column":38},"end":{"line":199,"column":3}}},"10":{"name":"(anonymous_10)","decl":{"start":{"line":205,"column":2},"end":{"line":205,"column":12}},"loc":{"start":{"line":205,"column":33},"end":{"line":215,"column":3}}}},"branchMap":{"0":{"loc":{"start":{"line":25,"column":4},"end":{"line":25,"column":69}},"type":"default-arg","locations":[{"start":{"line":25,"column":58},"end":{"line":25,"column":69}}]},"1":{"loc":{"start":{"line":38,"column":41},"end":{"line":38,"column":70}},"type":"default-arg","locations":[{"start":{"line":38,"column":65},"end":{"line":38,"column":70}}]},"2":{"loc":{"start":{"line":40,"column":23},"end":{"line":40,"column":64}},"type":"binary-expr","locations":[{"start":{"line":40,"column":23},"end":{"line":40,"column":59}},{"start":{"line":40,"column":63},"end":{"line":40,"column":64}}]},"3":{"loc":{"start":{"line":43,"column":4},"end":{"line":68,"column":null}},"type":"if","locations":[{"start":{"line":43,"column":4},"end":{"line":68,"column":null}}]},"4":{"loc":{"start":{"line":44,"column":6},"end":{"line":46,"column":44}},"type":"binary-expr","locations":[{"start":{"line":44,"column":6},"end":{"line":44,"column":18}},{"start":{"line":45,"column":6},"end":{"line":45,"column":38}},{"start":{"line":46,"column":6},"end":{"line":46,"column":44}}]},"5":{"loc":{"start":{"line":61,"column":8},"end":{"line":64,"column":null}},"type":"if","locations":[{"start":{"line":61,"column":8},"end":{"line":64,"column":null}}]},"6":{"loc":{"start":{"line":146,"column":4},"end":{"line":146,"column":36}},"type":"default-arg","locations":[{"start":{"line":146,"column":34},"end":{"line":146,"column":36}}]},"7":{"loc":{"start":{"line":155,"column":6},"end":{"line":157,"column":null}},"type":"if","locations":[{"start":{"line":155,"column":6},"end":{"line":157,"column":null}}]},"8":{"loc":{"start":{"line":167,"column":6},"end":{"line":183,"column":null}},"type":"if","locations":[{"start":{"line":167,"column":6},"end":{"line":183,"column":null}}]},"9":{"loc":{"start":{"line":206,"column":4},"end":{"line":214,"column":null}},"type":"if","locations":[{"start":{"line":206,"column":4},"end":{"line":214,"column":null}},{"start":{"line":210,"column":11},"end":{"line":214,"column":null}}]}},"s":{"0":1,"1":1,"2":1,"3":1,"4":1,"5":1,"6":1,"7":1,"8":1,"9":1,"10":4,"11":4,"12":4,"13":2,"14":2,"15":2,"16":2,"17":2,"18":2,"19":0,"20":0,"21":0,"22":0,"23":0,"24":2,"25":1,"26":1,"27":1,"28":1,"29":1,"30":0,"31":0,"32":1,"33":1,"34":1,"35":1,"36":1,"37":1,"38":1,"39":0,"40":0,"41":1,"42":1,"43":1,"44":1,"45":1,"46":1,"47":1,"48":0,"49":1,"50":0,"51":0,"52":0,"53":0,"54":0,"55":0,"56":0,"57":1,"58":1,"59":1,"60":1,"61":2,"62":1,"63":1,"64":1,"65":1,"66":1,"67":1,"68":1},"f":{"0":1,"1":4,"2":1,"3":1,"4":1,"5":1,"6":1,"7":1,"8":1,"9":1,"10":2},"b":{"0":[1],"1":[3],"2":[4,1],"3":[2],"4":[4,3,2],"5":[0],"6":[0],"7":[0],"8":[0],"9":[1,1]}}
,"/Users/rex/Documents/LiqPro/services/data-service/src/utils/logger.ts": {"path":"/Users/rex/Documents/LiqPro/services/data-service/src/utils/logger.ts","statementMap":{"0":{"start":{"line":20,"column":2},"end":{"line":33,"column":4}},"1":{"start":{"line":22,"column":6},"end":{"line":22,"column":62}},"2":{"start":{"line":25,"column":6},"end":{"line":25,"column":60}},"3":{"start":{"line":28,"column":6},"end":{"line":28,"column":60}},"4":{"start":{"line":31,"column":6},"end":{"line":31,"column":62}},"5":{"start":{"line":19,"column":0},"end":{"line":19,"column":16}},"6":{"start":{"line":37,"column":13},"end":{"line":37,"column":46}}},"fnMap":{"0":{"name":"createLogger","decl":{"start":{"line":19,"column":16},"end":{"line":19,"column":28}},"loc":{"start":{"line":19,"column":46},"end":{"line":34,"column":1}}},"1":{"name":"(anonymous_1)","decl":{"start":{"line":21,"column":11},"end":{"line":21,"column":12}},"loc":{"start":{"line":21,"column":63},"end":{"line":23,"column":5}}},"2":{"name":"(anonymous_2)","decl":{"start":{"line":24,"column":10},"end":{"line":24,"column":11}},"loc":{"start":{"line":24,"column":62},"end":{"line":26,"column":5}}},"3":{"name":"(anonymous_3)","decl":{"start":{"line":27,"column":10},"end":{"line":27,"column":11}},"loc":{"start":{"line":27,"column":62},"end":{"line":29,"column":5}}},"4":{"name":"(anonymous_4)","decl":{"start":{"line":30,"column":11},"end":{"line":30,"column":12}},"loc":{"start":{"line":30,"column":63},"end":{"line":32,"column":5}}}},"branchMap":{"0":{"loc":{"start":{"line":21,"column":29},"end":{"line":21,"column":59}},"type":"default-arg","locations":[{"start":{"line":21,"column":57},"end":{"line":21,"column":59}}]},"1":{"loc":{"start":{"line":24,"column":28},"end":{"line":24,"column":58}},"type":"default-arg","locations":[{"start":{"line":24,"column":56},"end":{"line":24,"column":58}}]},"2":{"loc":{"start":{"line":27,"column":28},"end":{"line":27,"column":58}},"type":"default-arg","locations":[{"start":{"line":27,"column":56},"end":{"line":27,"column":58}}]},"3":{"loc":{"start":{"line":30,"column":29},"end":{"line":30,"column":59}},"type":"default-arg","locations":[{"start":{"line":30,"column":57},"end":{"line":30,"column":59}}]}},"s":{"0":3,"1":0,"2":12,"3":0,"4":1,"5":2,"6":2},"f":{"0":3,"1":0,"2":12,"3":0,"4":1},"b":{"0":[0],"1":[9],"2":[0],"3":[0]}}
}
